[0.013s] Invoking command in '/home/rufus/Documents/ros2_files/simple_pubsub/build/simple_pubsub': CMAKE_PREFIX_PATH=${CMAKE_PREFIX_PATH}:/home/rufus/Documents/ros2_files/install/my_robot_controller:/home/rufus/Documents/ros2_files/install/mqtt_ros_bridge:/opt/ros/humble /usr/bin/cmake --build /home/rufus/Documents/ros2_files/simple_pubsub/build/simple_pubsub -- -j8 -l8
[0.031s] -- Found ament_cmake: 1.3.9 (/opt/ros/humble/share/ament_cmake/cmake)
[0.110s] -- Found rclcpp: 16.0.9 (/opt/ros/humble/share/rclcpp/cmake)
[0.132s] -- Found rosidl_generator_c: 3.1.5 (/opt/ros/humble/share/rosidl_generator_c/cmake)
[0.133s] -- Found rosidl_adapter: 3.1.5 (/opt/ros/humble/share/rosidl_adapter/cmake)
[0.136s] -- Found rosidl_generator_cpp: 3.1.5 (/opt/ros/humble/share/rosidl_generator_cpp/cmake)
[0.143s] -- Using all available rosidl_typesupport_c: rosidl_typesupport_fastrtps_c;rosidl_typesupport_introspection_c
[0.152s] -- Using all available rosidl_typesupport_cpp: rosidl_typesupport_fastrtps_cpp;rosidl_typesupport_introspection_cpp
[0.186s] -- Found rmw_implementation_cmake: 6.1.2 (/opt/ros/humble/share/rmw_implementation_cmake/cmake)
[0.187s] -- Found rmw_fastrtps_cpp: 6.2.6 (/opt/ros/humble/share/rmw_fastrtps_cpp/cmake)
[0.262s] -- Using RMW implementation 'rmw_fastrtps_cpp' as default
[0.353s] -- Found ament_lint_auto: 0.12.11 (/opt/ros/humble/share/ament_lint_auto/cmake)
[0.353s] -- Found ament_cmake_gtest: 1.3.9 (/opt/ros/humble/share/ament_cmake_gtest/cmake)
[0.397s] -- Configuring done
[0.406s] -- Generating done
[0.407s] -- Build files have been written to: /home/rufus/Documents/ros2_files/simple_pubsub/build/simple_pubsub
[0.427s] [35m[1mConsolidate compiler generated dependencies of target subscriber_node[0m
[0.427s] [35m[1mConsolidate compiler generated dependencies of target publisher_node[0m
[0.435s] [ 16%] [32mBuilding CXX object CMakeFiles/test_simple_pubsub.dir/src/test_simple_pubsub.cpp.o[0m
[0.443s] [ 50%] Built target publisher_node
[0.444s] [ 83%] Built target subscriber_node
[5.610s] [100%] [32m[1mLinking CXX executable test_simple_pubsub[0m
[5.877s] [100%] Built target test_simple_pubsub
[5.884s] Invoked command in '/home/rufus/Documents/ros2_files/simple_pubsub/build/simple_pubsub' returned '0': CMAKE_PREFIX_PATH=${CMAKE_PREFIX_PATH}:/home/rufus/Documents/ros2_files/install/my_robot_controller:/home/rufus/Documents/ros2_files/install/mqtt_ros_bridge:/opt/ros/humble /usr/bin/cmake --build /home/rufus/Documents/ros2_files/simple_pubsub/build/simple_pubsub -- -j8 -l8
[5.909s] Invoking command in '/home/rufus/Documents/ros2_files/simple_pubsub/build/simple_pubsub': CMAKE_PREFIX_PATH=${CMAKE_PREFIX_PATH}:/home/rufus/Documents/ros2_files/install/my_robot_controller:/home/rufus/Documents/ros2_files/install/mqtt_ros_bridge:/opt/ros/humble /usr/bin/cmake --install /home/rufus/Documents/ros2_files/simple_pubsub/build/simple_pubsub
[5.915s] -- Install configuration: ""
[5.915s] -- Up-to-date: /home/rufus/Documents/ros2_files/simple_pubsub/install/simple_pubsub/lib/simple_pubsub/publisher_node
[5.915s] -- Up-to-date: /home/rufus/Documents/ros2_files/simple_pubsub/install/simple_pubsub/lib/simple_pubsub/subscriber_node
[5.915s] -- Up-to-date: /home/rufus/Documents/ros2_files/simple_pubsub/install/simple_pubsub/share/ament_index/resource_index/package_run_dependencies/simple_pubsub
[5.915s] -- Installing: /home/rufus/Documents/ros2_files/simple_pubsub/install/simple_pubsub/share/ament_index/resource_index/parent_prefix_path/simple_pubsub
[5.915s] -- Up-to-date: /home/rufus/Documents/ros2_files/simple_pubsub/install/simple_pubsub/share/simple_pubsub/environment/ament_prefix_path.sh
[5.915s] -- Installing: /home/rufus/Documents/ros2_files/simple_pubsub/install/simple_pubsub/share/simple_pubsub/environment/ament_prefix_path.dsv
[5.915s] -- Up-to-date: /home/rufus/Documents/ros2_files/simple_pubsub/install/simple_pubsub/share/simple_pubsub/environment/path.sh
[5.915s] -- Installing: /home/rufus/Documents/ros2_files/simple_pubsub/install/simple_pubsub/share/simple_pubsub/environment/path.dsv
[5.916s] -- Up-to-date: /home/rufus/Documents/ros2_files/simple_pubsub/install/simple_pubsub/share/simple_pubsub/local_setup.bash
[5.916s] -- Up-to-date: /home/rufus/Documents/ros2_files/simple_pubsub/install/simple_pubsub/share/simple_pubsub/local_setup.sh
[5.916s] -- Up-to-date: /home/rufus/Documents/ros2_files/simple_pubsub/install/simple_pubsub/share/simple_pubsub/local_setup.zsh
[5.916s] -- Installing: /home/rufus/Documents/ros2_files/simple_pubsub/install/simple_pubsub/share/simple_pubsub/local_setup.dsv
[5.916s] -- Installing: /home/rufus/Documents/ros2_files/simple_pubsub/install/simple_pubsub/share/simple_pubsub/package.dsv
[5.916s] -- Up-to-date: /home/rufus/Documents/ros2_files/simple_pubsub/install/simple_pubsub/share/ament_index/resource_index/packages/simple_pubsub
[5.916s] -- Up-to-date: /home/rufus/Documents/ros2_files/simple_pubsub/install/simple_pubsub/share/simple_pubsub/cmake/simple_pubsubConfig.cmake
[5.916s] -- Up-to-date: /home/rufus/Documents/ros2_files/simple_pubsub/install/simple_pubsub/share/simple_pubsub/cmake/simple_pubsubConfig-version.cmake
[5.916s] -- Up-to-date: /home/rufus/Documents/ros2_files/simple_pubsub/install/simple_pubsub/share/simple_pubsub/package.xml
[5.917s] Invoked command in '/home/rufus/Documents/ros2_files/simple_pubsub/build/simple_pubsub' returned '0': CMAKE_PREFIX_PATH=${CMAKE_PREFIX_PATH}:/home/rufus/Documents/ros2_files/install/my_robot_controller:/home/rufus/Documents/ros2_files/install/mqtt_ros_bridge:/opt/ros/humble /usr/bin/cmake --install /home/rufus/Documents/ros2_files/simple_pubsub/build/simple_pubsub
