-- Found ament_cmake: 1.3.9 (/opt/ros/humble/share/ament_cmake/cmake)
-- Found rclcpp: 16.0.9 (/opt/ros/humble/share/rclcpp/cmake)
-- Found rosidl_generator_c: 3.1.5 (/opt/ros/humble/share/rosidl_generator_c/cmake)
-- Found rosidl_adapter: 3.1.5 (/opt/ros/humble/share/rosidl_adapter/cmake)
-- Found rosidl_generator_cpp: 3.1.5 (/opt/ros/humble/share/rosidl_generator_cpp/cmake)
-- Using all available rosidl_typesupport_c: rosidl_typesupport_fastrtps_c;rosidl_typesupport_introspection_c
-- Using all available rosidl_typesupport_cpp: rosidl_typesupport_fastrtps_cpp;rosidl_typesupport_introspection_cpp
-- Found rmw_implementation_cmake: 6.1.2 (/opt/ros/humble/share/rmw_implementation_cmake/cmake)
-- Found rmw_fastrtps_cpp: 6.2.6 (/opt/ros/humble/share/rmw_fastrtps_cpp/cmake)
-- Using RMW implementation 'rmw_fastrtps_cpp' as default
-- Found ament_lint_auto: 0.12.11 (/opt/ros/humble/share/ament_lint_auto/cmake)
-- Found ament_cmake_gtest: 1.3.9 (/opt/ros/humble/share/ament_cmake_gtest/cmake)
-- Configuring done
-- Generating done
-- Build files have been written to: /home/rufus/Documents/ros2_files/simple_pubsub/build/simple_pubsub
[35m[1mConsolidate compiler generated dependencies of target publisher_node[0m
[35m[1mConsolidate compiler generated dependencies of target subscriber_node[0m
[35m[1mConsolidate compiler generated dependencies of target test_simple_pubsub[0m
[ 16%] [32m[1mLinking CXX executable test_simple_pubsub[0m
[ 50%] Built target subscriber_node
[ 83%] Built target publisher_node
[100%] Built target test_simple_pubsub
-- Install configuration: ""
-- Up-to-date: /home/rufus/Documents/ros2_files/simple_pubsub/install/simple_pubsub/lib/simple_pubsub/publisher_node
-- Up-to-date: /home/rufus/Documents/ros2_files/simple_pubsub/install/simple_pubsub/lib/simple_pubsub/subscriber_node
-- Installing: /home/rufus/Documents/ros2_files/simple_pubsub/install/simple_pubsub/lib/simple_pubsub/test_simple_pubsub
-- Set runtime path of "/home/rufus/Documents/ros2_files/simple_pubsub/install/simple_pubsub/lib/simple_pubsub/test_simple_pubsub" to ""
-- Up-to-date: /home/rufus/Documents/ros2_files/simple_pubsub/install/simple_pubsub/share/ament_index/resource_index/package_run_dependencies/simple_pubsub
-- Up-to-date: /home/rufus/Documents/ros2_files/simple_pubsub/install/simple_pubsub/share/ament_index/resource_index/parent_prefix_path/simple_pubsub
-- Up-to-date: /home/rufus/Documents/ros2_files/simple_pubsub/install/simple_pubsub/share/simple_pubsub/environment/ament_prefix_path.sh
-- Installing: /home/rufus/Documents/ros2_files/simple_pubsub/install/simple_pubsub/share/simple_pubsub/environment/ament_prefix_path.dsv
-- Up-to-date: /home/rufus/Documents/ros2_files/simple_pubsub/install/simple_pubsub/share/simple_pubsub/environment/path.sh
-- Installing: /home/rufus/Documents/ros2_files/simple_pubsub/install/simple_pubsub/share/simple_pubsub/environment/path.dsv
-- Up-to-date: /home/rufus/Documents/ros2_files/simple_pubsub/install/simple_pubsub/share/simple_pubsub/local_setup.bash
-- Up-to-date: /home/rufus/Documents/ros2_files/simple_pubsub/install/simple_pubsub/share/simple_pubsub/local_setup.sh
-- Up-to-date: /home/rufus/Documents/ros2_files/simple_pubsub/install/simple_pubsub/share/simple_pubsub/local_setup.zsh
-- Installing: /home/rufus/Documents/ros2_files/simple_pubsub/install/simple_pubsub/share/simple_pubsub/local_setup.dsv
-- Installing: /home/rufus/Documents/ros2_files/simple_pubsub/install/simple_pubsub/share/simple_pubsub/package.dsv
-- Up-to-date: /home/rufus/Documents/ros2_files/simple_pubsub/install/simple_pubsub/share/ament_index/resource_index/packages/simple_pubsub
-- Up-to-date: /home/rufus/Documents/ros2_files/simple_pubsub/install/simple_pubsub/share/simple_pubsub/cmake/simple_pubsubConfig.cmake
-- Up-to-date: /home/rufus/Documents/ros2_files/simple_pubsub/install/simple_pubsub/share/simple_pubsub/cmake/simple_pubsubConfig-version.cmake
-- Up-to-date: /home/rufus/Documents/ros2_files/simple_pubsub/install/simple_pubsub/share/simple_pubsub/package.xml
