[0.016s] Invoking command in '/home/rufus/Documents/ros2_files/simple_pubsub/build/simple_pubsub': CMAKE_PREFIX_PATH=${CMAKE_PREFIX_PATH}:/home/rufus/Documents/ros2_files/install/my_robot_controller:/home/rufus/Documents/ros2_files/install/mqtt_ros_bridge:/opt/ros/humble /usr/bin/cmake --build /home/rufus/Documents/ros2_files/simple_pubsub/build/simple_pubsub -- -j8 -l8
[0.034s] -- Found ament_cmake: 1.3.9 (/opt/ros/humble/share/ament_cmake/cmake)
[0.114s] -- Found rclcpp: 16.0.9 (/opt/ros/humble/share/rclcpp/cmake)
[0.133s] -- Found rosidl_generator_c: 3.1.5 (/opt/ros/humble/share/rosidl_generator_c/cmake)
[0.135s] -- Found rosidl_adapter: 3.1.5 (/opt/ros/humble/share/rosidl_adapter/cmake)
[0.138s] -- Found rosidl_generator_cpp: 3.1.5 (/opt/ros/humble/share/rosidl_generator_cpp/cmake)
[0.145s] -- Using all available rosidl_typesupport_c: rosidl_typesupport_fastrtps_c;rosidl_typesupport_introspection_c
[0.154s] -- Using all available rosidl_typesupport_cpp: rosidl_typesupport_fastrtps_cpp;rosidl_typesupport_introspection_cpp
[0.187s] -- Found rmw_implementation_cmake: 6.1.2 (/opt/ros/humble/share/rmw_implementation_cmake/cmake)
[0.188s] -- Found rmw_fastrtps_cpp: 6.2.6 (/opt/ros/humble/share/rmw_fastrtps_cpp/cmake)
[0.263s] -- Using RMW implementation 'rmw_fastrtps_cpp' as default
[0.356s] -- Found ament_lint_auto: 0.12.11 (/opt/ros/humble/share/ament_lint_auto/cmake)
[0.356s] -- Found ament_cmake_gtest: 1.3.9 (/opt/ros/humble/share/ament_cmake_gtest/cmake)
[0.359s] -- Found gtest sources under '/opt/ros/humble/src/gtest_vendor': C++ tests using 'Google Test' will be built
[0.402s] -- Configuring done
[0.416s] -- Generating done
[0.419s] -- Build files have been written to: /home/rufus/Documents/ros2_files/simple_pubsub/build/simple_pubsub
[0.443s] [35m[1mConsolidate compiler generated dependencies of target gtest_main[0m
[0.443s] [35m[1mConsolidate compiler generated dependencies of target publisher_node[0m
[0.443s] [35m[1mConsolidate compiler generated dependencies of target test_simple_pubsub[0m
[0.444s] [35m[1mConsolidate compiler generated dependencies of target subscriber_node[0m
[0.445s] [35m[1mConsolidate compiler generated dependencies of target gtest[0m
[0.457s] [ 16%] Built target gtest_main
[0.463s] [ 50%] Built target test_simple_pubsub
[0.463s] [ 50%] Built target subscriber_node
[0.463s] [ 66%] Built target gtest
[0.463s] [ 83%] Built target publisher_node
[0.477s] [ 91%] [32mBuilding CXX object CMakeFiles/u_test_simple_pubsub.dir/test/test_simple_pubsub.cpp.o[0m
[6.033s] [100%] [32m[1mLinking CXX executable u_test_simple_pubsub[0m
[6.344s] [100%] Built target u_test_simple_pubsub
[6.353s] Invoked command in '/home/rufus/Documents/ros2_files/simple_pubsub/build/simple_pubsub' returned '0': CMAKE_PREFIX_PATH=${CMAKE_PREFIX_PATH}:/home/rufus/Documents/ros2_files/install/my_robot_controller:/home/rufus/Documents/ros2_files/install/mqtt_ros_bridge:/opt/ros/humble /usr/bin/cmake --build /home/rufus/Documents/ros2_files/simple_pubsub/build/simple_pubsub -- -j8 -l8
[6.383s] Invoking command in '/home/rufus/Documents/ros2_files/simple_pubsub/build/simple_pubsub': CMAKE_PREFIX_PATH=${CMAKE_PREFIX_PATH}:/home/rufus/Documents/ros2_files/install/my_robot_controller:/home/rufus/Documents/ros2_files/install/mqtt_ros_bridge:/opt/ros/humble /usr/bin/cmake --install /home/rufus/Documents/ros2_files/simple_pubsub/build/simple_pubsub
[6.388s] -- Install configuration: ""
[6.388s] -- Up-to-date: /home/rufus/Documents/ros2_files/simple_pubsub/install/simple_pubsub/lib/simple_pubsub/publisher_node
[6.388s] -- Up-to-date: /home/rufus/Documents/ros2_files/simple_pubsub/install/simple_pubsub/lib/simple_pubsub/subscriber_node
[6.388s] -- Up-to-date: /home/rufus/Documents/ros2_files/simple_pubsub/install/simple_pubsub/lib/simple_pubsub/test_simple_pubsub
[6.389s] -- Up-to-date: /home/rufus/Documents/ros2_files/simple_pubsub/install/simple_pubsub/share/ament_index/resource_index/package_run_dependencies/simple_pubsub
[6.389s] -- Up-to-date: /home/rufus/Documents/ros2_files/simple_pubsub/install/simple_pubsub/share/ament_index/resource_index/parent_prefix_path/simple_pubsub
[6.389s] -- Up-to-date: /home/rufus/Documents/ros2_files/simple_pubsub/install/simple_pubsub/share/simple_pubsub/environment/ament_prefix_path.sh
[6.389s] -- Installing: /home/rufus/Documents/ros2_files/simple_pubsub/install/simple_pubsub/share/simple_pubsub/environment/ament_prefix_path.dsv
[6.389s] -- Up-to-date: /home/rufus/Documents/ros2_files/simple_pubsub/install/simple_pubsub/share/simple_pubsub/environment/path.sh
[6.389s] -- Installing: /home/rufus/Documents/ros2_files/simple_pubsub/install/simple_pubsub/share/simple_pubsub/environment/path.dsv
[6.389s] -- Up-to-date: /home/rufus/Documents/ros2_files/simple_pubsub/install/simple_pubsub/share/simple_pubsub/local_setup.bash
[6.389s] -- Up-to-date: /home/rufus/Documents/ros2_files/simple_pubsub/install/simple_pubsub/share/simple_pubsub/local_setup.sh
[6.389s] -- Up-to-date: /home/rufus/Documents/ros2_files/simple_pubsub/install/simple_pubsub/share/simple_pubsub/local_setup.zsh
[6.389s] -- Installing: /home/rufus/Documents/ros2_files/simple_pubsub/install/simple_pubsub/share/simple_pubsub/local_setup.dsv
[6.390s] -- Installing: /home/rufus/Documents/ros2_files/simple_pubsub/install/simple_pubsub/share/simple_pubsub/package.dsv
[6.390s] -- Up-to-date: /home/rufus/Documents/ros2_files/simple_pubsub/install/simple_pubsub/share/ament_index/resource_index/packages/simple_pubsub
[6.390s] -- Up-to-date: /home/rufus/Documents/ros2_files/simple_pubsub/install/simple_pubsub/share/simple_pubsub/cmake/simple_pubsubConfig.cmake
[6.390s] -- Up-to-date: /home/rufus/Documents/ros2_files/simple_pubsub/install/simple_pubsub/share/simple_pubsub/cmake/simple_pubsubConfig-version.cmake
[6.390s] -- Up-to-date: /home/rufus/Documents/ros2_files/simple_pubsub/install/simple_pubsub/share/simple_pubsub/package.xml
[6.391s] Invoked command in '/home/rufus/Documents/ros2_files/simple_pubsub/build/simple_pubsub' returned '0': CMAKE_PREFIX_PATH=${CMAKE_PREFIX_PATH}:/home/rufus/Documents/ros2_files/install/my_robot_controller:/home/rufus/Documents/ros2_files/install/mqtt_ros_bridge:/opt/ros/humble /usr/bin/cmake --install /home/rufus/Documents/ros2_files/simple_pubsub/build/simple_pubsub
