[0.070s] DEBUG:colcon:Command line arguments: ['/usr/bin/colcon', 'build']
[0.070s] DEBUG:colcon:Parsed command line arguments: Namespace(log_base=None, log_level=None, verb_name='build', build_base='build', install_base='install', merge_install=False, symlink_install=False, test_result_base=None, continue_on_error=False, executor='parallel', parallel_workers=8, event_handlers=None, ignore_user_meta=False, metas=['./colcon.meta'], base_paths=['.'], packages_ignore=None, packages_ignore_regex=None, paths=None, packages_up_to=None, packages_up_to_regex=None, packages_above=None, packages_above_and_dependencies=None, packages_above_depth=None, packages_select_by_dep=None, packages_skip_by_dep=None, packages_skip_up_to=None, packages_select_build_failed=False, packages_skip_build_finished=False, packages_select_test_failures=False, packages_skip_test_passed=False, packages_select=None, packages_skip=None, packages_select_regex=None, packages_skip_regex=None, packages_start=None, packages_end=None, allow_overriding=[], cmake_args=None, cmake_target=None, cmake_target_skip_unavailable=False, cmake_clean_cache=False, cmake_clean_first=False, cmake_force_configure=False, ament_cmake_args=None, catkin_cmake_args=None, catkin_skip_building_tests=False, mixin_files=None, mixin=None, verb_parser=<colcon_mixin.mixin.mixin_argument.MixinArgumentDecorator object at 0x798f24c0ec20>, verb_extension=<colcon_core.verb.build.BuildVerb object at 0x798f24c0e560>, main=<bound method BuildVerb.main of <colcon_core.verb.build.BuildVerb object at 0x798f24c0e560>>, mixin_verb=('build',))
[0.172s] Level 1:colcon.colcon_core.package_discovery:discover_packages(colcon_meta) check parameters
[0.172s] Level 1:colcon.colcon_core.package_discovery:discover_packages(recursive) check parameters
[0.173s] Level 1:colcon.colcon_core.package_discovery:discover_packages(ignore) check parameters
[0.173s] Level 1:colcon.colcon_core.package_discovery:discover_packages(path) check parameters
[0.173s] Level 1:colcon.colcon_core.package_discovery:discover_packages(colcon_meta) discover
[0.173s] Level 1:colcon.colcon_core.package_discovery:discover_packages(recursive) discover
[0.173s] INFO:colcon.colcon_core.package_discovery:Crawling recursively for packages in '/home/rufus/Documents/ros2_files/simple_pubsub'
[0.173s] Level 1:colcon.colcon_core.package_identification:_identify(.) by extensions ['ignore', 'ignore_ament_install']
[0.173s] Level 1:colcon.colcon_core.package_identification:_identify(.) by extension 'ignore'
[0.173s] Level 1:colcon.colcon_core.package_identification:_identify(.) by extension 'ignore_ament_install'
[0.173s] Level 1:colcon.colcon_core.package_identification:_identify(.) by extensions ['colcon_pkg']
[0.173s] Level 1:colcon.colcon_core.package_identification:_identify(.) by extension 'colcon_pkg'
[0.173s] Level 1:colcon.colcon_core.package_identification:_identify(.) by extensions ['colcon_meta']
[0.173s] Level 1:colcon.colcon_core.package_identification:_identify(.) by extension 'colcon_meta'
[0.173s] Level 1:colcon.colcon_core.package_identification:_identify(.) by extensions ['ros']
[0.173s] Level 1:colcon.colcon_core.package_identification:_identify(.) by extension 'ros'
[0.181s] DEBUG:colcon.colcon_core.package_identification:Package '.' with type 'ros.ament_cmake' and name 'simple_pubsub'
[0.181s] Level 1:colcon.colcon_core.package_discovery:discover_packages(recursive) using defaults
[0.181s] Level 1:colcon.colcon_core.package_discovery:discover_packages(ignore) discover
[0.181s] Level 1:colcon.colcon_core.package_discovery:discover_packages(ignore) using defaults
[0.181s] Level 1:colcon.colcon_core.package_discovery:discover_packages(path) discover
[0.181s] Level 1:colcon.colcon_core.package_discovery:discover_packages(path) using defaults
[0.200s] Level 1:colcon.colcon_core.package_discovery:discover_packages(prefix_path) check parameters
[0.200s] Level 1:colcon.colcon_core.package_discovery:discover_packages(prefix_path) discover
[0.201s] WARNING:colcon.colcon_core.prefix_path.colcon:The path '/home/rufus/Documents/ros2_files/testing_package/install' in the environment variable COLCON_PREFIX_PATH doesn't exist
[0.201s] DEBUG:colcon.colcon_installed_package_information.package_discovery:Found 1 installed packages in /home/rufus/Documents/ros2_files/simple_pubsub/install
[0.202s] DEBUG:colcon.colcon_installed_package_information.package_discovery:Found 4 installed packages in /home/rufus/Documents/ros2_files/Mark1_ros2/install
[0.203s] DEBUG:colcon.colcon_installed_package_information.package_discovery:Found 373 installed packages in /opt/ros/humble
[0.204s] Level 1:colcon.colcon_core.package_discovery:discover_packages(prefix_path) using defaults
[0.232s] Level 5:colcon.colcon_core.verb:set package 'simple_pubsub' build argument 'cmake_args' from command line to 'None'
[0.232s] Level 5:colcon.colcon_core.verb:set package 'simple_pubsub' build argument 'cmake_target' from command line to 'None'
[0.232s] Level 5:colcon.colcon_core.verb:set package 'simple_pubsub' build argument 'cmake_target_skip_unavailable' from command line to 'False'
[0.232s] Level 5:colcon.colcon_core.verb:set package 'simple_pubsub' build argument 'cmake_clean_cache' from command line to 'False'
[0.232s] Level 5:colcon.colcon_core.verb:set package 'simple_pubsub' build argument 'cmake_clean_first' from command line to 'False'
[0.232s] Level 5:colcon.colcon_core.verb:set package 'simple_pubsub' build argument 'cmake_force_configure' from command line to 'False'
[0.232s] Level 5:colcon.colcon_core.verb:set package 'simple_pubsub' build argument 'ament_cmake_args' from command line to 'None'
[0.232s] Level 5:colcon.colcon_core.verb:set package 'simple_pubsub' build argument 'catkin_cmake_args' from command line to 'None'
[0.232s] Level 5:colcon.colcon_core.verb:set package 'simple_pubsub' build argument 'catkin_skip_building_tests' from command line to 'False'
[0.233s] DEBUG:colcon.colcon_core.verb:Building package 'simple_pubsub' with the following arguments: {'ament_cmake_args': None, 'build_base': '/home/rufus/Documents/ros2_files/simple_pubsub/build/simple_pubsub', 'catkin_cmake_args': None, 'catkin_skip_building_tests': False, 'cmake_args': None, 'cmake_clean_cache': False, 'cmake_clean_first': False, 'cmake_force_configure': False, 'cmake_target': None, 'cmake_target_skip_unavailable': False, 'install_base': '/home/rufus/Documents/ros2_files/simple_pubsub/install/simple_pubsub', 'merge_install': False, 'path': '/home/rufus/Documents/ros2_files/simple_pubsub', 'symlink_install': False, 'test_result_base': None}
[0.233s] INFO:colcon.colcon_core.executor:Executing jobs using 'parallel' executor
[0.233s] DEBUG:colcon.colcon_parallel_executor.executor.parallel:run_until_complete
[0.234s] INFO:colcon.colcon_ros.task.ament_cmake.build:Building ROS package in '/home/rufus/Documents/ros2_files/simple_pubsub' with build type 'ament_cmake'
[0.234s] INFO:colcon.colcon_cmake.task.cmake.build:Building CMake package in '/home/rufus/Documents/ros2_files/simple_pubsub'
[0.235s] INFO:colcon.colcon_core.plugin_system:Skipping extension 'colcon_core.shell.bat': Not used on non-Windows systems
[0.235s] INFO:colcon.colcon_core.shell:Skip shell extension 'powershell' for command environment: Not usable outside of PowerShell
[0.235s] DEBUG:colcon.colcon_core.shell:Skip shell extension 'dsv' for command environment
[0.241s] DEBUG:colcon.colcon_core.event_handler.log_command:Invoking command in '/home/rufus/Documents/ros2_files/simple_pubsub/build/simple_pubsub': CMAKE_PREFIX_PATH=${CMAKE_PREFIX_PATH}:/opt/ros/humble /usr/bin/cmake --build /home/rufus/Documents/ros2_files/simple_pubsub/build/simple_pubsub -- -j8 -l8
[2.770s] DEBUG:colcon.colcon_core.event_handler.log_command:Invoked command in '/home/rufus/Documents/ros2_files/simple_pubsub/build/simple_pubsub' returned '2': CMAKE_PREFIX_PATH=${CMAKE_PREFIX_PATH}:/opt/ros/humble /usr/bin/cmake --build /home/rufus/Documents/ros2_files/simple_pubsub/build/simple_pubsub -- -j8 -l8
[2.790s] Level 1:colcon.colcon_core.environment:create_environment_scripts_only(simple_pubsub)
[2.792s] Level 1:colcon.colcon_core.environment:checking '/home/rufus/Documents/ros2_files/simple_pubsub/install/simple_pubsub' for CMake module files
[2.792s] Level 1:colcon.colcon_core.environment:checking '/home/rufus/Documents/ros2_files/simple_pubsub/install/simple_pubsub' for CMake config files
[2.792s] Level 1:colcon.colcon_core.shell:create_environment_hook('simple_pubsub', 'cmake_prefix_path')
[2.792s] INFO:colcon.colcon_core.shell:Creating environment hook '/home/rufus/Documents/ros2_files/simple_pubsub/install/simple_pubsub/share/simple_pubsub/hook/cmake_prefix_path.ps1'
[2.793s] INFO:colcon.colcon_core.shell:Creating environment descriptor '/home/rufus/Documents/ros2_files/simple_pubsub/install/simple_pubsub/share/simple_pubsub/hook/cmake_prefix_path.dsv'
[2.793s] INFO:colcon.colcon_core.shell:Creating environment hook '/home/rufus/Documents/ros2_files/simple_pubsub/install/simple_pubsub/share/simple_pubsub/hook/cmake_prefix_path.sh'
[2.794s] Level 1:colcon.colcon_core.environment:checking '/home/rufus/Documents/ros2_files/simple_pubsub/install/simple_pubsub/lib'
[2.794s] Level 1:colcon.colcon_core.environment:checking '/home/rufus/Documents/ros2_files/simple_pubsub/install/simple_pubsub/bin'
[2.794s] Level 1:colcon.colcon_core.environment:checking '/home/rufus/Documents/ros2_files/simple_pubsub/install/simple_pubsub/lib/pkgconfig/simple_pubsub.pc'
[2.794s] Level 1:colcon.colcon_core.environment:checking '/home/rufus/Documents/ros2_files/simple_pubsub/install/simple_pubsub/lib/python3.10/site-packages'
[2.794s] Level 1:colcon.colcon_core.environment:checking '/home/rufus/Documents/ros2_files/simple_pubsub/install/simple_pubsub/bin'
[2.794s] INFO:colcon.colcon_core.shell:Creating package script '/home/rufus/Documents/ros2_files/simple_pubsub/install/simple_pubsub/share/simple_pubsub/package.ps1'
[2.795s] INFO:colcon.colcon_core.shell:Creating package descriptor '/home/rufus/Documents/ros2_files/simple_pubsub/install/simple_pubsub/share/simple_pubsub/package.dsv'
[2.795s] INFO:colcon.colcon_core.shell:Creating package script '/home/rufus/Documents/ros2_files/simple_pubsub/install/simple_pubsub/share/simple_pubsub/package.sh'
[2.795s] INFO:colcon.colcon_core.shell:Creating package script '/home/rufus/Documents/ros2_files/simple_pubsub/install/simple_pubsub/share/simple_pubsub/package.bash'
[2.796s] INFO:colcon.colcon_core.shell:Creating package script '/home/rufus/Documents/ros2_files/simple_pubsub/install/simple_pubsub/share/simple_pubsub/package.zsh'
[2.796s] Level 1:colcon.colcon_core.environment:create_file_with_runtime_dependencies(/home/rufus/Documents/ros2_files/simple_pubsub/install/simple_pubsub/share/colcon-core/packages/simple_pubsub)
[2.807s] DEBUG:colcon.colcon_parallel_executor.executor.parallel:closing loop
[2.807s] DEBUG:colcon.colcon_parallel_executor.executor.parallel:loop closed
[2.807s] DEBUG:colcon.colcon_parallel_executor.executor.parallel:run_until_complete finished with '2'
[2.807s] DEBUG:colcon.colcon_core.event_reactor:joining thread
[2.811s] INFO:colcon.colcon_core.plugin_system:Skipping extension 'colcon_notification.desktop_notification.terminal_notifier': Not used on non-Darwin systems
[2.811s] INFO:colcon.colcon_core.plugin_system:Skipping extension 'colcon_notification.desktop_notification.win32': Not used on non-Windows systems
[2.811s] INFO:colcon.colcon_notification.desktop_notification:Sending desktop notification using 'notify2'
[2.821s] DEBUG:colcon.colcon_core.event_reactor:joined thread
[2.821s] INFO:colcon.colcon_core.shell:Creating prefix script '/home/rufus/Documents/ros2_files/simple_pubsub/install/local_setup.ps1'
[2.822s] INFO:colcon.colcon_core.shell:Creating prefix util module '/home/rufus/Documents/ros2_files/simple_pubsub/install/_local_setup_util_ps1.py'
[2.823s] INFO:colcon.colcon_core.shell:Creating prefix chain script '/home/rufus/Documents/ros2_files/simple_pubsub/install/setup.ps1'
[2.825s] INFO:colcon.colcon_core.shell:Creating prefix script '/home/rufus/Documents/ros2_files/simple_pubsub/install/local_setup.sh'
[2.825s] INFO:colcon.colcon_core.shell:Creating prefix util module '/home/rufus/Documents/ros2_files/simple_pubsub/install/_local_setup_util_sh.py'
[2.826s] INFO:colcon.colcon_core.shell:Creating prefix chain script '/home/rufus/Documents/ros2_files/simple_pubsub/install/setup.sh'
[2.827s] INFO:colcon.colcon_core.shell:Creating prefix script '/home/rufus/Documents/ros2_files/simple_pubsub/install/local_setup.bash'
[2.827s] INFO:colcon.colcon_core.shell:Creating prefix chain script '/home/rufus/Documents/ros2_files/simple_pubsub/install/setup.bash'
[2.828s] INFO:colcon.colcon_core.shell:Creating prefix script '/home/rufus/Documents/ros2_files/simple_pubsub/install/local_setup.zsh'
[2.828s] INFO:colcon.colcon_core.shell:Creating prefix chain script '/home/rufus/Documents/ros2_files/simple_pubsub/install/setup.zsh'
