[0.008s] Invoking command in '/home/rufus/Documents/ros2_files/simple_pubsub/build/simple_pubsub': CMAKE_PREFIX_PATH=${CMAKE_PREFIX_PATH}:/opt/ros/humble /usr/bin/cmake /home/rufus/Documents/ros2_files/simple_pubsub -DCMAKE_INSTALL_PREFIX=/home/rufus/Documents/ros2_files/simple_pubsub/install/simple_pubsub
[0.100s] -- The C compiler identification is GNU 11.4.0
[0.175s] -- The CXX compiler identification is GNU 11.4.0
[0.186s] -- Detecting C compiler ABI info
[0.236s] -- Detecting C compiler ABI info - done
[0.241s] -- Check for working C compiler: /usr/bin/cc - skipped
[0.241s] -- Detecting C compile features
[0.242s] -- Detecting C compile features - done
[0.245s] -- Detecting CXX compiler ABI info
[0.303s] -- Detecting CXX compiler ABI info - done
[0.308s] -- Check for working CXX compiler: /usr/bin/c++ - skipped
[0.308s] -- Detecting CXX compile features
[0.308s] -- Detecting CXX compile features - done
[0.313s] -- Found ament_cmake: 1.3.9 (/opt/ros/humble/share/ament_cmake/cmake)
[0.419s] -- Found Python3: /usr/bin/python3 (found version "3.10.12") found components: Interpreter 
[0.493s] -- Found rclcpp: 16.0.9 (/opt/ros/humble/share/rclcpp/cmake)
[0.538s] -- Found rosidl_generator_c: 3.1.5 (/opt/ros/humble/share/rosidl_generator_c/cmake)
[0.543s] -- Found rosidl_adapter: 3.1.5 (/opt/ros/humble/share/rosidl_adapter/cmake)
[0.553s] -- Found rosidl_generator_cpp: 3.1.5 (/opt/ros/humble/share/rosidl_generator_cpp/cmake)
[0.567s] -- Using all available rosidl_typesupport_c: rosidl_typesupport_fastrtps_c;rosidl_typesupport_introspection_c
[0.584s] -- Using all available rosidl_typesupport_cpp: rosidl_typesupport_fastrtps_cpp;rosidl_typesupport_introspection_cpp
[0.644s] -- Found rmw_implementation_cmake: 6.1.2 (/opt/ros/humble/share/rmw_implementation_cmake/cmake)
[0.647s] -- Found rmw_fastrtps_cpp: 6.2.6 (/opt/ros/humble/share/rmw_fastrtps_cpp/cmake)
[0.722s] -- Found OpenSSL: /usr/lib/x86_64-linux-gnu/libcrypto.so (found version "3.0.2")  
[0.743s] -- Found FastRTPS: /opt/ros/humble/include  
[0.771s] -- Using RMW implementation 'rmw_fastrtps_cpp' as default
[0.781s] -- Looking for pthread.h
[0.855s] -- Looking for pthread.h - found
[0.856s] -- Performing Test CMAKE_HAVE_LIBC_PTHREAD
[0.907s] -- Performing Test CMAKE_HAVE_LIBC_PTHREAD - Success
[0.908s] -- Found Threads: TRUE  
[1.058s] -- Configuring done
[1.065s] -- Generating done
[1.066s] -- Build files have been written to: /home/rufus/Documents/ros2_files/simple_pubsub/build/simple_pubsub
[1.072s] Invoked command in '/home/rufus/Documents/ros2_files/simple_pubsub/build/simple_pubsub' returned '0': CMAKE_PREFIX_PATH=${CMAKE_PREFIX_PATH}:/opt/ros/humble /usr/bin/cmake /home/rufus/Documents/ros2_files/simple_pubsub -DCMAKE_INSTALL_PREFIX=/home/rufus/Documents/ros2_files/simple_pubsub/install/simple_pubsub
[1.073s] Invoking command in '/home/rufus/Documents/ros2_files/simple_pubsub/build/simple_pubsub': CMAKE_PREFIX_PATH=${CMAKE_PREFIX_PATH}:/opt/ros/humble /usr/bin/cmake --build /home/rufus/Documents/ros2_files/simple_pubsub/build/simple_pubsub -- -j8 -l8
[1.106s] [ 25%] [32mBuilding CXX object CMakeFiles/publisher_node.dir/src/publisher_node.cpp.o[0m
[1.106s] [ 50%] [32mBuilding CXX object CMakeFiles/subscriber_node.dir/src/subscriber_node.cpp.o[0m
[4.095s] [ 75%] [32m[1mLinking CXX executable publisher_node[0m
[4.258s] [ 75%] Built target publisher_node
[6.545s] [100%] [32m[1mLinking CXX executable subscriber_node[0m
[6.797s] [100%] Built target subscriber_node
[6.805s] Invoked command in '/home/rufus/Documents/ros2_files/simple_pubsub/build/simple_pubsub' returned '0': CMAKE_PREFIX_PATH=${CMAKE_PREFIX_PATH}:/opt/ros/humble /usr/bin/cmake --build /home/rufus/Documents/ros2_files/simple_pubsub/build/simple_pubsub -- -j8 -l8
[6.836s] Invoking command in '/home/rufus/Documents/ros2_files/simple_pubsub/build/simple_pubsub': CMAKE_PREFIX_PATH=${CMAKE_PREFIX_PATH}:/opt/ros/humble /usr/bin/cmake --install /home/rufus/Documents/ros2_files/simple_pubsub/build/simple_pubsub
[6.844s] -- Install configuration: ""
[6.844s] -- Installing: /home/rufus/Documents/ros2_files/simple_pubsub/install/simple_pubsub/lib/simple_pubsub/publisher_node
[6.845s] -- Set runtime path of "/home/rufus/Documents/ros2_files/simple_pubsub/install/simple_pubsub/lib/simple_pubsub/publisher_node" to ""
[6.846s] -- Installing: /home/rufus/Documents/ros2_files/simple_pubsub/install/simple_pubsub/lib/simple_pubsub/subscriber_node
[6.849s] -- Set runtime path of "/home/rufus/Documents/ros2_files/simple_pubsub/install/simple_pubsub/lib/simple_pubsub/subscriber_node" to ""
[6.850s] -- Installing: /home/rufus/Documents/ros2_files/simple_pubsub/install/simple_pubsub/share/ament_index/resource_index/package_run_dependencies/simple_pubsub
[6.850s] -- Installing: /home/rufus/Documents/ros2_files/simple_pubsub/install/simple_pubsub/share/ament_index/resource_index/parent_prefix_path/simple_pubsub
[6.850s] -- Installing: /home/rufus/Documents/ros2_files/simple_pubsub/install/simple_pubsub/share/simple_pubsub/environment/ament_prefix_path.sh
[6.850s] -- Installing: /home/rufus/Documents/ros2_files/simple_pubsub/install/simple_pubsub/share/simple_pubsub/environment/ament_prefix_path.dsv
[6.850s] -- Installing: /home/rufus/Documents/ros2_files/simple_pubsub/install/simple_pubsub/share/simple_pubsub/environment/path.sh
[6.850s] -- Installing: /home/rufus/Documents/ros2_files/simple_pubsub/install/simple_pubsub/share/simple_pubsub/environment/path.dsv
[6.850s] -- Installing: /home/rufus/Documents/ros2_files/simple_pubsub/install/simple_pubsub/share/simple_pubsub/local_setup.bash
[6.850s] -- Installing: /home/rufus/Documents/ros2_files/simple_pubsub/install/simple_pubsub/share/simple_pubsub/local_setup.sh
[6.850s] -- Installing: /home/rufus/Documents/ros2_files/simple_pubsub/install/simple_pubsub/share/simple_pubsub/local_setup.zsh
[6.850s] -- Installing: /home/rufus/Documents/ros2_files/simple_pubsub/install/simple_pubsub/share/simple_pubsub/local_setup.dsv
[6.851s] -- Installing: /home/rufus/Documents/ros2_files/simple_pubsub/install/simple_pubsub/share/simple_pubsub/package.dsv
[6.851s] -- Installing: /home/rufus/Documents/ros2_files/simple_pubsub/install/simple_pubsub/share/ament_index/resource_index/packages/simple_pubsub
[6.851s] -- Installing: /home/rufus/Documents/ros2_files/simple_pubsub/install/simple_pubsub/share/simple_pubsub/cmake/simple_pubsubConfig.cmake
[6.851s] -- Installing: /home/rufus/Documents/ros2_files/simple_pubsub/install/simple_pubsub/share/simple_pubsub/cmake/simple_pubsubConfig-version.cmake
[6.851s] -- Installing: /home/rufus/Documents/ros2_files/simple_pubsub/install/simple_pubsub/share/simple_pubsub/package.xml
[6.852s] Invoked command in '/home/rufus/Documents/ros2_files/simple_pubsub/build/simple_pubsub' returned '0': CMAKE_PREFIX_PATH=${CMAKE_PREFIX_PATH}:/opt/ros/humble /usr/bin/cmake --install /home/rufus/Documents/ros2_files/simple_pubsub/build/simple_pubsub
