[0.008s] Invoking command in '/home/rufus/Documents/ros2_files/simple_pubsub/build/simple_pubsub': CMAKE_PREFIX_PATH=${CMAKE_PREFIX_PATH}:/home/rufus/Documents/ros2_files/install/my_robot_controller:/home/rufus/Documents/ros2_files/install/mqtt_ros_bridge:/opt/ros/humble /usr/bin/cmake --build /home/rufus/Documents/ros2_files/simple_pubsub/build/simple_pubsub -- -j8 -l8
[0.026s] -- Found ament_cmake: 1.3.9 (/opt/ros/humble/share/ament_cmake/cmake)
[0.105s] -- Found rclcpp: 16.0.9 (/opt/ros/humble/share/rclcpp/cmake)
[0.124s] -- Found rosidl_generator_c: 3.1.5 (/opt/ros/humble/share/rosidl_generator_c/cmake)
[0.125s] -- Found rosidl_adapter: 3.1.5 (/opt/ros/humble/share/rosidl_adapter/cmake)
[0.130s] -- Found rosidl_generator_cpp: 3.1.5 (/opt/ros/humble/share/rosidl_generator_cpp/cmake)
[0.137s] -- Using all available rosidl_typesupport_c: rosidl_typesupport_fastrtps_c;rosidl_typesupport_introspection_c
[0.146s] -- Using all available rosidl_typesupport_cpp: rosidl_typesupport_fastrtps_cpp;rosidl_typesupport_introspection_cpp
[0.180s] -- Found rmw_implementation_cmake: 6.1.2 (/opt/ros/humble/share/rmw_implementation_cmake/cmake)
[0.181s] -- Found rmw_fastrtps_cpp: 6.2.6 (/opt/ros/humble/share/rmw_fastrtps_cpp/cmake)
[0.256s] -- Using RMW implementation 'rmw_fastrtps_cpp' as default
[0.348s] -- Found ament_lint_auto: 0.12.11 (/opt/ros/humble/share/ament_lint_auto/cmake)
[0.349s] -- Found ament_cmake_gtest: 1.3.9 (/opt/ros/humble/share/ament_cmake_gtest/cmake)
[0.351s] -- Found gtest sources under '/opt/ros/humble/src/gtest_vendor': C++ tests using 'Google Test' will be built
[0.393s] -- Configuring done
[0.394s] [31mCMake Error at /opt/ros/humble/share/ament_cmake_gtest/cmake/ament_add_gtest_executable.cmake:50 (add_executable):
[0.395s]   Cannot find source file:
[0.395s] 
[0.395s]     test/test_simple_pubsub.cpp
[0.395s] 
[0.395s]   Tried extensions .c .C .c++ .cc .cpp .cxx .cu .mpp .m .M .mm .ixx .cppm .h
[0.395s]   .hh .h++ .hm .hpp .hxx .in .txx .f .F .for .f77 .f90 .f95 .f03 .hip .ispc
[0.395s] Call Stack (most recent call first):
[0.395s]   /opt/ros/humble/share/ament_cmake_gtest/cmake/ament_add_gtest_executable.cmake:37 (_ament_add_gtest_executable)
[0.395s]   /opt/ros/humble/share/ament_cmake_gtest/cmake/ament_add_gtest.cmake:68 (ament_add_gtest_executable)
[0.395s]   CMakeLists.txt:20 (ament_add_gtest)
[0.395s] 
[0.395s] [0m
[0.395s] [31mCMake Error at /opt/ros/humble/share/ament_cmake_gtest/cmake/ament_add_gtest_executable.cmake:50 (add_executable):
[0.395s]   No SOURCES given to target: test_simple_pubsub
[0.395s] Call Stack (most recent call first):
[0.395s]   /opt/ros/humble/share/ament_cmake_gtest/cmake/ament_add_gtest_executable.cmake:37 (_ament_add_gtest_executable)
[0.395s]   /opt/ros/humble/share/ament_cmake_gtest/cmake/ament_add_gtest.cmake:68 (ament_add_gtest_executable)
[0.395s]   CMakeLists.txt:20 (ament_add_gtest)
[0.395s] 
[0.396s] [0m
[0.396s] [0mCMake Generate step failed.  Build files cannot be regenerated correctly.[0m
[0.400s] gmake: *** [Makefile:308: cmake_check_build_system] Error 1
[0.402s] Invoked command in '/home/rufus/Documents/ros2_files/simple_pubsub/build/simple_pubsub' returned '2': CMAKE_PREFIX_PATH=${CMAKE_PREFIX_PATH}:/home/rufus/Documents/ros2_files/install/my_robot_controller:/home/rufus/Documents/ros2_files/install/mqtt_ros_bridge:/opt/ros/humble /usr/bin/cmake --build /home/rufus/Documents/ros2_files/simple_pubsub/build/simple_pubsub -- -j8 -l8
